<?xml version="1.0" encoding="UTF-8"?>
<testng-results ignored="0" total="1" passed="1" failed="0" skipped="0">
  <reporter-output>
  </reporter-output>
  <suite started-at="2024-08-13T14:10:20 IST" name="Default suite" finished-at="2024-08-13T14:10:29 IST" duration-ms="9510">
    <groups>
    </groups>
    <test started-at="2024-08-13T14:10:20 IST" name="Default test" finished-at="2024-08-13T14:10:29 IST" duration-ms="9510">
      <class name="com.leaftaps.testcases.TC001_VerifyLogin">
        <test-method is-config="true" signature="startReport()[pri:0, instance:com.leaftaps.testcases.TC001_VerifyLogin@72e5a8e]" started-at="2024-08-13T14:10:20 IST" name="startReport" finished-at="2024-08-13T14:10:20 IST" duration-ms="149" status="PASS">
          <reporter-output>
          </reporter-output>
        </test-method> <!-- startReport -->
        <test-method is-config="true" signature="setValues()[pri:0, instance:com.leaftaps.testcases.TC001_VerifyLogin@72e5a8e]" started-at="2024-08-13T14:10:20 IST" name="setValues" finished-at="2024-08-13T14:10:20 IST" duration-ms="0" status="PASS">
          <reporter-output>
          </reporter-output>
        </test-method> <!-- setValues -->
        <test-method is-config="true" signature="startTestCase()[pri:0, instance:com.leaftaps.testcases.TC001_VerifyLogin@72e5a8e]" started-at="2024-08-13T14:10:20 IST" name="startTestCase" finished-at="2024-08-13T14:10:20 IST" duration-ms="6" status="PASS">
          <reporter-output>
          </reporter-output>
        </test-method> <!-- startTestCase -->
        <test-method is-config="true" signature="preCondition()[pri:0, instance:com.leaftaps.testcases.TC001_VerifyLogin@72e5a8e]" started-at="2024-08-13T14:10:20 IST" name="preCondition" finished-at="2024-08-13T14:10:27 IST" duration-ms="6679" status="PASS">
          <reporter-output>
          </reporter-output>
        </test-method> <!-- preCondition -->
        <test-method signature="runLogin(java.lang.String, java.lang.String)[pri:0, instance:com.leaftaps.testcases.TC001_VerifyLogin@72e5a8e]" started-at="2024-08-13T14:10:27 IST" name="runLogin" data-provider="fetchData" finished-at="2024-08-13T14:10:29 IST" duration-ms="2144" status="PASS">
          <params>
            <param index="0">
              <value>
                <![CDATA[Demosalesmanager]]>
              </value>
            </param>
            <param index="1">
              <value>
                <![CDATA[crmsfa]]>
              </value>
            </param>
          </params>
          <reporter-output>
          </reporter-output>
        </test-method> <!-- runLogin -->
        <test-method is-config="true" signature="postCondition()[pri:0, instance:com.leaftaps.testcases.TC001_VerifyLogin@72e5a8e]" started-at="2024-08-13T14:10:29 IST" name="postCondition" finished-at="2024-08-13T14:10:29 IST" duration-ms="125" status="PASS">
          <reporter-output>
          </reporter-output>
        </test-method> <!-- postCondition -->
        <test-method is-config="true" signature="endResult()[pri:0, instance:com.leaftaps.testcases.TC001_VerifyLogin@72e5a8e]" started-at="2024-08-13T14:10:29 IST" name="endResult" finished-at="2024-08-13T14:10:30 IST" duration-ms="773" status="PASS">
          <reporter-output>
          </reporter-output>
        </test-method> <!-- endResult -->
      </class> <!-- com.leaftaps.testcases.TC001_VerifyLogin -->
    </test> <!-- Default test -->
  </suite> <!-- Default suite -->
</testng-results>
